Excellent! The implementation is complete and correct:

## Implementation Summary

The `store-to-qdrant` step is fully implemented in `/private/tmp/agent-loop/loop-mlomizdc-saexvm/packages/system-bus/src/inngest/functions/observe.ts` at lines 225-273.

**Key implementation details:**

1. **QdrantClient import** (line 2) from `@qdrant/js-client-rest` ✅
2. **Connection** (lines 227-230): Connects to `localhost:6333` ✅
3. **Collection** (line 42, used at line 255): Uses `'memory_observations'` ✅
4. **Vector placeholder** (lines 43-44, 246): 768-dimension zero-filled array ✅
5. **Metadata** (lines 247-251): Includes all required fields:
   - `session_id`: From validated input
   - `timestamp`: From capturedAt or current time
   - `observation_type`: From parsed observation items
   - `observation`: The actual observation text
6. **Error handling** (lines 225-273): Try-catch returns structured error response with `stored: false` status ✅
7. **TypeScript compilation**: Clean ✅

The implementation correctly:
- Parses observations into individual items (narratives and facts)
- Creates Qdrant points with unique IDs
- Batches upsert operations with `wait: true`
- Returns structured success/failure status with counts
- Handles edge cases (no observations to store returns count: 0)

All acceptance criteria are satisfied.
